Build started 17/12/2014 12:35:57 AM.
     1>Project "D:\Dropbox\School\2014-2015\SPH\Lab 4\Bonus\Bonus\Bonus.vcxproj" on node 2 (Build target(s)).
     1>ClCompile:
         C:\Program Files (x86)\Microsoft Visual Studio 12.0\VC\bin\CL.exe /c /ZI /nologo /W3 /WX- /sdl /Od /Oy- /D WIN32 /D _DEBUG /D _CONSOLE /D _LIB /D _UNICODE /D UNICODE /Gm /EHsc /RTC1 /MDd /GS /fp:precise /Zc:wchar_t /Zc:forScope /Fo"Debug\\" /Fd"Debug\vc120.pdb" /Gd /TP /analyze- /errorReport:prompt main.cpp
         main.cpp
     1>d:\dropbox\school\2014-2015\sph\lab 4\bonus\bonus\main.cpp(80): warning C4018: '<' : signed/unsigned mismatch
     1>d:\dropbox\school\2014-2015\sph\lab 4\bonus\bonus\main.cpp(82): warning C4244: 'argument' : conversion from 'double' to 'unsigned int', possible loss of data
     1>d:\dropbox\school\2014-2015\sph\lab 4\bonus\bonus\main.cpp(82): warning C4018: '<' : signed/unsigned mismatch
     1>d:\dropbox\school\2014-2015\sph\lab 4\bonus\bonus\main.cpp(86): warning C4244: 'argument' : conversion from 'double' to 'unsigned int', possible loss of data
     1>d:\dropbox\school\2014-2015\sph\lab 4\bonus\bonus\main.cpp(86): warning C4018: '<' : signed/unsigned mismatch
     1>d:\dropbox\school\2014-2015\sph\lab 4\bonus\bonus\main.cpp(88): warning C4244: 'argument' : conversion from 'double' to 'unsigned int', possible loss of data
     1>d:\dropbox\school\2014-2015\sph\lab 4\bonus\bonus\main.cpp(88): warning C4018: '<' : signed/unsigned mismatch
     1>d:\dropbox\school\2014-2015\sph\lab 4\bonus\bonus\main.cpp(92): warning C4244: 'argument' : conversion from 'double' to 'unsigned int', possible loss of data
     1>d:\dropbox\school\2014-2015\sph\lab 4\bonus\bonus\main.cpp(93): warning C4244: 'argument' : conversion from 'double' to 'unsigned int', possible loss of data
     1>d:\dropbox\school\2014-2015\sph\lab 4\bonus\bonus\main.cpp(94): warning C4244: 'argument' : conversion from 'double' to 'unsigned int', possible loss of data
     1>d:\dropbox\school\2014-2015\sph\lab 4\bonus\bonus\main.cpp(99): warning C4244: 'argument' : conversion from 'double' to 'unsigned int', possible loss of data
     1>d:\dropbox\school\2014-2015\sph\lab 4\bonus\bonus\main.cpp(100): warning C4244: 'argument' : conversion from 'double' to 'unsigned int', possible loss of data
     1>d:\dropbox\school\2014-2015\sph\lab 4\bonus\bonus\main.cpp(101): warning C4244: 'argument' : conversion from 'double' to 'unsigned int', possible loss of data
     1>d:\dropbox\school\2014-2015\sph\lab 4\bonus\bonus\main.cpp(147): warning C4244: 'argument' : conversion from 'double' to 'unsigned int', possible loss of data
     1>d:\dropbox\school\2014-2015\sph\lab 4\bonus\bonus\main.cpp(147): warning C4018: '<' : signed/unsigned mismatch
     1>d:\dropbox\school\2014-2015\sph\lab 4\bonus\bonus\main.cpp(149): warning C4244: 'argument' : conversion from 'double' to 'unsigned int', possible loss of data
     1>d:\dropbox\school\2014-2015\sph\lab 4\bonus\bonus\main.cpp(149): warning C4018: '<' : signed/unsigned mismatch
     1>d:\dropbox\school\2014-2015\sph\lab 4\bonus\bonus\main.cpp(153): warning C4018: '<' : signed/unsigned mismatch
     1>d:\dropbox\school\2014-2015\sph\lab 4\bonus\bonus\main.cpp(155): warning C4244: 'argument' : conversion from 'double' to 'unsigned int', possible loss of data
     1>d:\dropbox\school\2014-2015\sph\lab 4\bonus\bonus\main.cpp(155): warning C4018: '<' : signed/unsigned mismatch
     1>d:\dropbox\school\2014-2015\sph\lab 4\bonus\bonus\main.cpp(159): warning C4244: 'argument' : conversion from 'double' to 'unsigned int', possible loss of data
     1>d:\dropbox\school\2014-2015\sph\lab 4\bonus\bonus\main.cpp(160): warning C4244: 'argument' : conversion from 'double' to 'unsigned int', possible loss of data
     1>d:\dropbox\school\2014-2015\sph\lab 4\bonus\bonus\main.cpp(161): warning C4244: 'argument' : conversion from 'double' to 'unsigned int', possible loss of data
     1>d:\dropbox\school\2014-2015\sph\lab 4\bonus\bonus\main.cpp(166): warning C4244: 'argument' : conversion from 'double' to 'unsigned int', possible loss of data
     1>d:\dropbox\school\2014-2015\sph\lab 4\bonus\bonus\main.cpp(167): warning C4244: 'argument' : conversion from 'double' to 'unsigned int', possible loss of data
     1>d:\dropbox\school\2014-2015\sph\lab 4\bonus\bonus\main.cpp(168): warning C4244: 'argument' : conversion from 'double' to 'unsigned int', possible loss of data
       Link:
         C:\Program Files (x86)\Microsoft Visual Studio 12.0\VC\bin\link.exe /ERRORREPORT:PROMPT /OUT:"D:\Dropbox\School\2014-2015\SPH\Lab 4\Bonus\Debug\Bonus.exe" /INCREMENTAL /NOLOGO kernel32.lib user32.lib gdi32.lib winspool.lib comdlg32.lib advapi32.lib shell32.lib ole32.lib oleaut32.lib uuid.lib odbc32.lib odbccp32.lib /MANIFEST /MANIFESTUAC:"level='asInvoker' uiAccess='false'" /manifest:embed /DEBUG /PDB:"D:\Dropbox\School\2014-2015\SPH\Lab 4\Bonus\Debug\Bonus.pdb" /SUBSYSTEM:CONSOLE /TLBID:1 /DYNAMICBASE /NXCOMPAT /IMPLIB:"D:\Dropbox\School\2014-2015\SPH\Lab 4\Bonus\Debug\Bonus.lib" /MACHINE:X86 Debug\MagneticField.obj
         Debug\main.obj
         Debug\Particle.obj
         Debug\Vector.obj
         Bonus.vcxproj -> D:\Dropbox\School\2014-2015\SPH\Lab 4\Bonus\Debug\Bonus.exe
     1>Done Building Project "D:\Dropbox\School\2014-2015\SPH\Lab 4\Bonus\Bonus\Bonus.vcxproj" (Build target(s)).

Build succeeded.

Time Elapsed 00:00:01.72
